<testsuites id="" name="" tests="4" failures="3" skipped="0" errors="0" time="1.893788">
<testsuite name="API_REST_Tests.spec.js" timestamp="2025-10-24T06:55:24.772Z" hostname="" tests="4" failures="3" skipped="0" time="2.867" errors="0">
<testcase name="GET request test" classname="API_REST_Tests.spec.js" time="0.505">
<system-out>
<![CDATA[{
  page: [33m2[39m,
  per_page: [33m6[39m,
  total: [33m12[39m,
  total_pages: [33m2[39m,
  data: [
    {
      id: [33m7[39m,
      email: [32m'michael.lawson@reqres.in'[39m,
      first_name: [32m'Michael'[39m,
      last_name: [32m'Lawson'[39m,
      avatar: [32m'https://reqres.in/img/faces/7-image.jpg'[39m
    },
    {
      id: [33m8[39m,
      email: [32m'lindsay.ferguson@reqres.in'[39m,
      first_name: [32m'Lindsay'[39m,
      last_name: [32m'Ferguson'[39m,
      avatar: [32m'https://reqres.in/img/faces/8-image.jpg'[39m
    },
    {
      id: [33m9[39m,
      email: [32m'tobias.funke@reqres.in'[39m,
      first_name: [32m'Tobias'[39m,
      last_name: [32m'Funke'[39m,
      avatar: [32m'https://reqres.in/img/faces/9-image.jpg'[39m
    },
    {
      id: [33m10[39m,
      email: [32m'byron.fields@reqres.in'[39m,
      first_name: [32m'Byron'[39m,
      last_name: [32m'Fields'[39m,
      avatar: [32m'https://reqres.in/img/faces/10-image.jpg'[39m
    },
    {
      id: [33m11[39m,
      email: [32m'george.edwards@reqres.in'[39m,
      first_name: [32m'George'[39m,
      last_name: [32m'Edwards'[39m,
      avatar: [32m'https://reqres.in/img/faces/11-image.jpg'[39m
    },
    {
      id: [33m12[39m,
      email: [32m'rachel.howell@reqres.in'[39m,
      first_name: [32m'Rachel'[39m,
      last_name: [32m'Howell'[39m,
      avatar: [32m'https://reqres.in/img/faces/12-image.jpg'[39m
    }
  ],
  support: {
    url: [32m'https://contentcaddy.io?utm_source=reqres&utm_medium=json&utm_campaign=referral'[39m,
    text: [32m'Tired of writing endless social media content? Let Content Caddy generate it for you.'[39m
  },
  _meta: {
    powered_by: [32m'🚀 ReqRes - Deploy backends in 30 seconds'[39m,
    upgrade_url: [32m'https://app.reqres.in/upgrade'[39m,
    docs_url: [32m'https://reqres.in'[39m,
    template_gallery: [32m'https://app.reqres.in/templates'[39m,
    message: [32m'This API is powered by ReqRes. Deploy your own backend in 30 seconds!'[39m,
    features: [
      [32m'30 Second Backend Templates'[39m,
      [32m'Custom API Endpoints'[39m,
      [32m'Data Persistence'[39m,
      [32m'Real-time Analytics'[39m
    ],
    upgrade_cta: [32m'Upgrade to Pro for unlimited requests, custom endpoints, and data persistence'[39m
  }
}

[[ATTACHMENT|test-results\API_REST_Tests-GET-request-test\trace.zip]]
]]>
</system-out>
</testcase>
<testcase name="Create request test" classname="API_REST_Tests.spec.js" time="0.774">
<failure message="API_REST_Tests.spec.js:14:1 Create request test" type="FAILURE">
<![CDATA[  API_REST_Tests.spec.js:14:1 › Create request test ────────────────────────────────────────────────

    Error: expect(received).toBe(expected) // Object.is equality

    Expected: 201
    Received: 401

      19 |     })
      20 |     console.log(await response.json());
    > 21 |     expect(response.status()).toBe(201);
         |                               ^
      22 |
      23 |     const res=await response.json();
      24 |     userId=res.id;
        at C:\Users\LENOVO\Desktop\playwrightjs\tests\API_REST_Tests.spec.js:21:31

    attachment #1: trace (application/zip) ─────────────────────────────────────────────────────────
    ..\test-results\API_REST_Tests-Create-request-test\trace.zip
    Usage:

        npx playwright show-trace ..\test-results\API_REST_Tests-Create-request-test\trace.zip

    ────────────────────────────────────────────────────────────────────────────────────────────────
]]>
</failure>
<system-out>
<![CDATA[{ error: [32m'Missing API key'[39m }

[[ATTACHMENT|test-results\API_REST_Tests-Create-request-test\trace.zip]]
]]>
</system-out>
</testcase>
<testcase name="Update request test" classname="API_REST_Tests.spec.js" time="0.793">
<failure message="API_REST_Tests.spec.js:29:1 Update request test" type="FAILURE">
<![CDATA[  API_REST_Tests.spec.js:29:1 › Update request test ────────────────────────────────────────────────

    Error: expect(received).toBe(expected) // Object.is equality

    Expected: 200
    Received: 401

      33 |     })
      34 |     console.log(await response.json());
    > 35 |     expect(response.status()).toBe(200); 
         |                               ^
      36 |
      37 |     
      38 |
        at C:\Users\LENOVO\Desktop\playwrightjs\tests\API_REST_Tests.spec.js:35:31

    attachment #1: trace (application/zip) ─────────────────────────────────────────────────────────
    ..\test-results\API_REST_Tests-Update-request-test\trace.zip
    Usage:

        npx playwright show-trace ..\test-results\API_REST_Tests-Update-request-test\trace.zip

    ────────────────────────────────────────────────────────────────────────────────────────────────
]]>
</failure>
<system-out>
<![CDATA[{ error: [32m'Missing API key'[39m }

[[ATTACHMENT|test-results\API_REST_Tests-Update-request-test\trace.zip]]
]]>
</system-out>
</testcase>
<testcase name="DELETE request test" classname="API_REST_Tests.spec.js" time="0.795">
<failure message="API_REST_Tests.spec.js:40:1 DELETE request test" type="FAILURE">
<![CDATA[  API_REST_Tests.spec.js:40:1 › DELETE request test ────────────────────────────────────────────────

    Error: expect(received).toBe(expected) // Object.is equality

    Expected: 204
    Received: 401

      40 | test('DELETE request test',async ({ request})=>{
      41 |    const response= await request.delete('https://reqres.in/api/users/2'+userId);
    > 42 |    expect(response.status()).toBe(204);
         |                              ^
      43 |
      44 |
      45 | })
        at C:\Users\LENOVO\Desktop\playwrightjs\tests\API_REST_Tests.spec.js:42:30

    attachment #1: trace (application/zip) ─────────────────────────────────────────────────────────
    ..\test-results\API_REST_Tests-DELETE-request-test\trace.zip
    Usage:

        npx playwright show-trace ..\test-results\API_REST_Tests-DELETE-request-test\trace.zip

    ────────────────────────────────────────────────────────────────────────────────────────────────
]]>
</failure>
<system-out>
<![CDATA[
[[ATTACHMENT|test-results\API_REST_Tests-DELETE-request-test\trace.zip]]
]]>
</system-out>
</testcase>
</testsuite>
</testsuites>