<testsuites id="" name="" tests="3" failures="0" skipped="0" errors="0" time="11.892177000000002">
<testsuite name="Alerts.spec.js" timestamp="2025-11-04T06:15:20.914Z" hostname="" tests="3" failures="0" skipped="0" time="29.939" errors="0">
<testcase name="Alerts" classname="Alerts.spec.js" time="9.681">
<system-out>
<![CDATA[
[[ATTACHMENT|test-results\Alerts-Alerts\video.webm]]

[[ATTACHMENT|test-results\Alerts-Alerts\trace.zip]]
]]>
</system-out>
</testcase>
<testcase name="Confiramation dialog alert with ok and cancel" classname="Alerts.spec.js" time="10.521">
<system-out>
<![CDATA[
[[ATTACHMENT|test-results\Alerts-Confiramation-dialog-alert-with-ok-and-cancel\video.webm]]

[[ATTACHMENT|test-results\Alerts-Confiramation-dialog-alert-with-ok-and-cancel\trace.zip]]
]]>
</system-out>
</testcase>
<testcase name="Prompt dialog alert with ok and cancel" classname="Alerts.spec.js" time="9.737">
<system-out>
<![CDATA[
[[ATTACHMENT|test-results\Alerts-Prompt-dialog-alert-with-ok-and-cancel\video.webm]]

[[ATTACHMENT|test-results\Alerts-Prompt-dialog-alert-with-ok-and-cancel\trace.zip]]
]]>
</system-out>
</testcase>
</testsuite>
</testsuites>